C51 COMPILER V9.60.0.0   MAIN                                                              01/11/2022 10:50:44 PAGE 1   


C51 COMPILER V9.60.0.0, COMPILATION OF MODULE MAIN
OBJECT MODULE PLACED IN .\Objects\main.obj
COMPILER INVOKED BY: C:\Keil_v5\C51\BIN\C51.EXE main.c OPTIMIZE(8,SPEED) BROWSE DEBUG OBJECTEXTEND PRINT(.\Listings\main
                    -.lst) TABS(2) OBJECT(.\Objects\main.obj)

line level    source

   1          #include<reg52.h>
   2          #include "I2C.h"
*** WARNING C280 IN LINE 28 OF delay.h: 'i': unreferenced local variable
   3          #include "delay.h"
   4          #include "DS1307.h"
   5          sbit D1 = P2^2;
   6          sbit D2 = P2^3;
   7          sbit D3 = P2^4;
   8          sbit D4 = P2^5;
   9          sbit D5 = P2^6;
  10          sbit D6 = P2^7;
  11          sbit set = P1^2;
  12          sbit next = P1^3;
  13          sbit pause = P1^4;
  14          const unsigned char st[]={0x01,0xC7,0x22,0x82,0xC4,0x88,0x08,0xC3,0x00,0xC0};
  15          const unsigned char rt[]={0x80,0xB6,0x44,0x14,0x32,0x11,0x01,0xB4,0x00,0x30};
  16          const unsigned char Pm = 0x60;
  17          const unsigned char Am = 0x20;
  18          const unsigned char Mm = 0x4A;
  19          
  20          
  21          void disp_sec()
  22          {
  23   1        unsigned int s_1,s_2;
  24   1        s_1 = 0x0f&second;
  25   1        s_2 = 0x0f&(second>>4);
  26   1        P0 = st[s_1]; D1 = 0; Delay_ms(2); D1 = 1; P0 = rt[s_2]; D2 = 0; Delay_ms(2); D2 = 1;
  27   1      }
  28          
  29          void disp_minute()
  30          {
  31   1        unsigned int s_1,s_2;
  32   1        s_1 = 0x0f&minute;
  33   1        s_2 = 0x0f&(minute>>4);
  34   1        P0 = st[s_1]; D3 = 0; Delay_ms(2); D3 = 1; P0 = rt[s_2]; D4 = 0; Delay_ms(2); D4 = 1;
  35   1      }
  36          
  37          void disp_hour()
  38          {
  39   1        unsigned int s_1,s_2;
  40   1        s_1 = 0x0f&hour;
  41   1        s_2 = 0x0f&(hour>>4);
  42   1        P0 = st[s_1]; D5 = 0; Delay_ms(2); D5 = 1; P0 = rt[s_2]; D6 = 0; Delay_ms(2); D6 = 1;
  43   1      }
  44          
  45          void set_time()
  46          {
  47   1        I2CStart();
  48   1        I2CSend(0xD0);
  49   1        I2CSend(0x00);
  50   1        I2CSend(0x01);
  51   1        I2CSend(0x01);
  52   1        I2CSend(0x16);
  53   1        I2CSend(0x01);
C51 COMPILER V9.60.0.0   MAIN                                                              01/11/2022 10:50:44 PAGE 2   

  54   1        I2CSend(0x01);
  55   1        I2CSend(0x01);
  56   1        I2CSend(0x01);
  57   1        I2CStop();
  58   1      }
  59          int BCDToDecimal(char bcdByte)
  60          {
  61   1             char a,b,dec;
  62   1          a=(((bcdByte & 0xF0) >> 4) * 10);
  63   1          b=(bcdByte & 0x0F);
  64   1          dec=a+b;
  65   1          return dec;
  66   1      }
  67          
  68          char DecimalToBCD (int decimalByte)
  69          {
  70   1        char a,b,bcd;
  71   1        a=((decimalByte / 10) << 4);
  72   1        b= (decimalByte % 10);
  73   1        bcd=a|b;
  74   1        return bcd;
  75   1      }
  76          
  77          unsigned int modifyBit( unsigned int n, unsigned int p, unsigned int b)
  78          {
  79   1        unsigned int mask = 1<<p;
  80   1        return ((n & (~mask)) | (b<<p));
  81   1      }
  82          
  83          void pause_ini()
  84          {
  85   1        unsigned int g=1,i=0;
  86   1        while(pause == 0)
  87   1        {
  88   2          if(g==1)
  89   2          {
  90   3            for(i=0;i<12;i++)
  91   3            {
  92   4              disp_sec();
  93   4              disp_minute();
  94   4            }
  95   3            disp_hour();
  96   3            if(set == 0)
  97   3            {
  98   4              unsigned int a,q,w;
  99   4              a = BCDToDecimal(hour&0x1f);
 100   4              a = a+1;
 101   4              if(a>12){a=1;}
 102   4              q = DecimalToBCD(a);
 103   4              a = (hour>>5)&0x01;
 104   4              w = modifyBit(q,5,a);
 105   4              a = modifyBit(w,6,1);
 106   4              hour = a;
 107   4              I2C_send_byte(0x02,a);
 108   4              Delay_ms(15);
 109   4            }
 110   3            if(next == 0)
 111   3            {
 112   4              g=2;
 113   4              Delay_ms(15);
 114   4            }
 115   3          }
C51 COMPILER V9.60.0.0   MAIN                                                              01/11/2022 10:50:44 PAGE 3   

 116   2          if(g==2)
 117   2          {
 118   3            for(i=0;i<12;i++)
 119   3            {
 120   4              disp_sec();
 121   4              disp_hour();
 122   4            }
 123   3            disp_minute();
 124   3            if(set == 0)
 125   3            {
 126   4              unsigned int a;
 127   4              a = BCDToDecimal(minute);
 128   4              a = a+1;
 129   4              if(a>59){a=0;}
 130   4              a = DecimalToBCD(a);
 131   4              minute = a;
 132   4              I2C_send_byte(0x01,a);
 133   4              Delay_ms(15);
 134   4            }
 135   3            if(next == 0)
 136   3            {
 137   4              g=3;
 138   4              Delay_ms(15);
 139   4            }
 140   3          }
 141   2          if(g==3)
 142   2          {
 143   3            for(i=0;i<12;i++)
 144   3            {
 145   4              disp_hour();
 146   4              disp_minute();
 147   4            }
 148   3            disp_sec();
 149   3            if(set == 0)
 150   3            {
 151   4              unsigned int a,q,w;
 152   4              a = (hour>>5)&0x01;
 153   4              if(a == 0x01){a = 0x00;}
 154   4              else if(a == 0x00) {a = 0x01;}
 155   4              q = hour;
 156   4              w = modifyBit(q, 5, a);
 157   4              hour = w;
 158   4              I2C_send_byte(0x02,w);
 159   4              Delay_ms(15);
 160   4            }
 161   3            if(next == 0)
 162   3            {
 163   4              Delay_ms(15);
 164   4              g=1;
 165   4            }
 166   3          }
 167   2        }
 168   1      }
 169          
 170          void main()
 171          {
 172   1        set_time();
 173   1        P0 = 0xff;
 174   1        pause = 1;
 175   1        next = 1;
 176   1        set = 1;
 177   1        while(1)
C51 COMPILER V9.60.0.0   MAIN                                                              01/11/2022 10:50:44 PAGE 4   

 178   1        {
 179   2          get_time();
 180   2          disp_hour();
 181   2          disp_minute();
 182   2          disp_sec();
 183   2        }
 184   1      }


MODULE INFORMATION:   STATIC OVERLAYABLE
   CODE SIZE        =   1278    ----
   CONSTANT SIZE    =   ----    ----
   XDATA SIZE       =   ----    ----
   PDATA SIZE       =   ----    ----
   DATA SIZE        =     29      23
   IDATA SIZE       =   ----    ----
   BIT SIZE         =   ----    ----
END OF MODULE INFORMATION.


C51 COMPILATION COMPLETE.  1 WARNING(S),  0 ERROR(S)
